--------------------------------------------------------------------------------
Command:            ./second_homework ../input-files/random_input3.txt ../output-files/random_output3.txt
Massif arguments:   (none)
ms_print arguments: massif.out.32819
--------------------------------------------------------------------------------


    KB
549.8^        :::::::::::::::::::::::::::::::::::::::::::::::::::::::::::::#  
     |  :::::::                                                            #  
     |  :     :                                                            #  
     |  @     :                                                            #: 
     |  @     :                                                            #: 
     |  @     :                                                            #: 
     |  @     :                                                            #: 
     | :@     :                                                            #: 
     | :@     :                                                            #: 
     | @@     :                                                            #:@
     | @@     :                                                            #:@
     | @@     :                                                            #:@
     | @@     :                                                            #:@
     | @@     :                                                            #:@
     |:@@     :                                                            #:@
     |:@@     :                                                            #:@
     |:@@     :                                                            #:@
     |:@@     :                                                            #:@
     |:@@     :                                                            #:@
     |:@@     :                                                            #:@
   0 +----------------------------------------------------------------------->Mi
     0                                                                   170.4

--------------------------------------------------------------------------------
  n        time(i)         total(B)   useful-heap(B) extra-heap(B)    stacks(B)
--------------------------------------------------------------------------------
 83    178,526,298          173,960          169,480         4,480            0
 84    178,591,233          169,520          166,816         2,704            0
 85    178,656,168          165,080          164,152           928            0
